0 info it worked if it ends with ok
1 verbose cli [ 'C:\\Program Files\\nodejs\\\\node.exe',
1 verbose cli   'C:\\Program Files\\nodejs\\node_modules\\npm\\bin\\npm-cli.js',
1 verbose cli   'publish' ]
2 info using npm@1.4.28
3 info using node@v0.10.32
4 verbose node symlink C:\Program Files\nodejs\\node.exe
5 verbose publish [ '.' ]
6 verbose cache add [ '.', null ]
7 verbose cache add name=undefined spec="." args=[".",null]
8 verbose parsed url { protocol: null,
8 verbose parsed url   slashes: null,
8 verbose parsed url   auth: null,
8 verbose parsed url   host: null,
8 verbose parsed url   port: null,
8 verbose parsed url   hostname: null,
8 verbose parsed url   hash: null,
8 verbose parsed url   search: null,
8 verbose parsed url   query: null,
8 verbose parsed url   pathname: '.',
8 verbose parsed url   path: '.',
8 verbose parsed url   href: '.' }
9 silly lockFile 3a52ce78- .
10 verbose lock . C:\Utilisateurs\a503018\AppData\Roaming\npm-cache\3a52ce78-.lock
11 verbose tar pack [ 'C:\\Utilisateurs\\a503018\\AppData\\Roaming\\npm-cache\\eslint-plugin-angular\\0.0.1\\package.tgz',
11 verbose tar pack   '.' ]
12 verbose tarball C:\Utilisateurs\a503018\AppData\Roaming\npm-cache\eslint-plugin-angular\0.0.1\package.tgz
13 verbose folder .
14 info prepublish eslint-plugin-angular@0.0.1
15 silly lockFile 1f1177db-tar tar://.
16 verbose lock tar://. C:\Utilisateurs\a503018\AppData\Roaming\npm-cache\1f1177db-tar.lock
17 silly lockFile af043c43-plugin-angular-0-0-1-package-tgz tar://C:\Utilisateurs\a503018\AppData\Roaming\npm-cache\eslint-plugin-angular\0.0.1\package.tgz
18 verbose lock tar://C:\Utilisateurs\a503018\AppData\Roaming\npm-cache\eslint-plugin-angular\0.0.1\package.tgz C:\Utilisateurs\a503018\AppData\Roaming\npm-cache\af043c43-plugin-angular-0-0-1-package-tgz.lock
19 silly lockFile 1f1177db-tar tar://.
20 silly lockFile 1f1177db-tar tar://.
21 silly lockFile af043c43-plugin-angular-0-0-1-package-tgz tar://C:\Utilisateurs\a503018\AppData\Roaming\npm-cache\eslint-plugin-angular\0.0.1\package.tgz
22 silly lockFile af043c43-plugin-angular-0-0-1-package-tgz tar://C:\Utilisateurs\a503018\AppData\Roaming\npm-cache\eslint-plugin-angular\0.0.1\package.tgz
23 silly lockFile 09412323-int-plugin-angular-0-0-1-package C:\Utilisateurs\a503018\AppData\Roaming\npm-cache\eslint-plugin-angular\0.0.1\package
24 verbose lock C:\Utilisateurs\a503018\AppData\Roaming\npm-cache\eslint-plugin-angular\0.0.1\package C:\Utilisateurs\a503018\AppData\Roaming\npm-cache\09412323-int-plugin-angular-0-0-1-package.lock
25 silly lockFile 09412323-int-plugin-angular-0-0-1-package C:\Utilisateurs\a503018\AppData\Roaming\npm-cache\eslint-plugin-angular\0.0.1\package
26 silly lockFile 09412323-int-plugin-angular-0-0-1-package C:\Utilisateurs\a503018\AppData\Roaming\npm-cache\eslint-plugin-angular\0.0.1\package
27 silly lockFile 3a52ce78- .
28 silly lockFile 3a52ce78- .
29 silly publish { name: 'eslint-plugin-angular',
29 silly publish   version: '0.0.1',
29 silly publish   description: 'ESLint rules for AngularJS projects',
29 silly publish   main: 'index.js',
29 silly publish   repository:
29 silly publish    { type: 'git',
29 silly publish      url: 'https://github.com/Gillespie59/eslint-plugin-angularjs.git' },
29 silly publish   author: { name: 'Emmanuel DEMEY' },
29 silly publish   license: 'MIT',
29 silly publish   bugs: { url: 'https://github.com/Gillespie59/eslint-plugin-angularjs/issues' },
29 silly publish   homepage: 'https://github.com/Gillespie59/eslint-plugin-angularjs',
29 silly publish   devDependencies:
29 silly publish    { chai: '^1.10.0',
29 silly publish      eslint: '^0.8.2',
29 silly publish      'eslint-tester': '^0.3.0',
29 silly publish      gulp: '^3.8.10',
29 silly publish      'gulp-eslint': '^0.1.8',
29 silly publish      'gulp-istanbul': '^0.5.0',
29 silly publish      'gulp-mocha': '^2.0.0',
29 silly publish      istanbul: '^0.3.5',
29 silly publish      mocha: 'https://registry.npmjs.org/mocha/-/mocha-1.21.5.tgz',
29 silly publish      shelljs: '^0.3.0',
29 silly publish      'shelljs-nodecli': '^0.1.1' },
29 silly publish   peerDependencies: { eslint: '>=0.8.0' },
29 silly publish   keywords: [ 'eslint', 'eslintplugin', 'angular', 'angularjs' ],
29 silly publish   readme: '[![Build Status](https://travis-ci.org/Gillespie59/eslint-plugin-angularjs.svg?branch=master)](https://travis-ci.org/Gillespie59/eslint-plugin-angularjs)\r\n[![Npm dependencies](https://david-dm.org/Gillespie59/eslint-plugin-angularjs.svg)](https://david-dm.org/Gillespie59/eslint-plugin-angularjs)\r\n[![devDependency Status](https://david-dm.org/Gillespie59/eslint-plugin-angularjs/dev-status.png)](https://david-dm.org/Gillespie59/eslint-plugin-angularjs#info=devDependencies)\r\n\r\n\r\nThis repository will give access to new rules for the ESLint tool. You should use it only if you are developping an AngularJS application. \r\n\r\n# Rules\r\n\r\n| Name  | Description |\r\n| ------------- | ------------- |\r\n| ng_angularelement  | The angular.element method should be used of the $ or jQuery object (if you are using jQuery of course). If the jQuery library is imported, angular.element will be a wrapper around the jQuery object.  |\r\n| ng_controller_name  | All your controllers should have a name starting the parameter you can define in your config object ("ng_controller_name":  [2, "ng"]) |\r\n| ng_definedundefined | You should use the angular.isUndefined or angular.isDefined methods instead of using the keyword undefined (myVar === undefined) |\r\n| ng_directive_name | All your directives should have a name starting the parameter you can define in your config object ("ng_directive_name":  [2, "ng"]) |\r\n| ng_filter_name | All your filters should have a name starting the parameter you can define in your config object ("ng_filter_name":  [2, "ng"]) |\r\n| ng_json_functions | You should use angular.fromJson or angular.toJson instead of JSON.parse and JSON.stringify |\r\n| ng_on_watch | Watch and On methods on the scope object should be assigned to a variable, in order to be deleted in a $destroy event handler |\r\n| ng_service_name | All your services should have a name starting the parameter you can define in your config object ("ng_service_name":  [2, "ng"]) |\r\n| ng_timeout_service | Instead of the default setTimeout function, you should use the AngularJS wrapper service $timeout |\r\n| ng_typecheck_array | You should use the angular.isArray method instead of the default JavaScript implementation (typeof [] === "[object Array]").  |\r\n| ng_typecheck_boolean | You should use the angular.isBoolean method instead of the default JavaScript implementation (typeof true === "[object Boolean]").  |\r\n| ng_typecheck_date | You should use the angular.isDate method instead of the default JavaScript implementation (typeof new Date() === "[object Date]").  |\r\n| ng_typecheck_function | You should use the angular.isFunction method instead of the default JavaScript implementation (typeof function(){} ==="[object Function]").  |\r\n| ng_typecheck_number | You should use the angular.isNumber method instead of the default JavaScript implementation (typeof 3 === "[object Number]"). |\r\n| ng_typecheck_object | Yo\tu should use the angular.isObject method instead of the default JavaScript implementation (typeof {} === "[object Object]").  |\r\n| ng_typecheck_regexp | You should use the angular.isRegexp method instead of the default JavaScript implementation (toString.call(/^A/) === "[object RegExp]"). |\r\n| ng_typecheck_string | You should use the angular.isString method instead of the default JavaScript implementation (typeof "" === "[object String]"). |\r\n| ng_window_service | Instead of the default window object, you should prefer the AngularJS wrapper service $window. |\r\n\r\n# Need your help\r\nIt is an opensource project. Any help will be very useful. You can : \r\n- Create issue\r\n- Send Pull Request\r\n- Write Documentation\r\n- Add new Features\r\n- Add new Rules\r\n- Improve the quality\r\n- Reply to issues\r\n',
29 silly publish   readmeFilename: 'README.md',
29 silly publish   gitHead: '7bcf1db3790f05bcf590eac8403ed32f3e07e1c8',
29 silly publish   _id: 'eslint-plugin-angular@0.0.1',
29 silly publish   scripts: {},
29 silly publish   _shasum: 'afc51c83b4827a3931e42eaeddf46de34f6df3a4',
29 silly publish   _from: '.' }
30 verbose request where is /eslint-plugin-angular
31 verbose request registry https://registry.npmjs.org/
32 verbose request id 335c818659cdf667
33 verbose url raw /eslint-plugin-angular
34 verbose url resolving [ 'https://registry.npmjs.org/', './eslint-plugin-angular' ]
35 verbose url resolved https://registry.npmjs.org/eslint-plugin-angular
36 verbose request where is https://registry.npmjs.org/eslint-plugin-angular
37 info trying registry request attempt 1 at 20:12:55
38 http PUT https://registry.npmjs.org/eslint-plugin-angular
39 http 403 https://registry.npmjs.org/eslint-plugin-angular
40 verbose headers { date: 'Mon, 26 Jan 2015 19:12:56 GMT',
40 verbose headers   server: 'CouchDB/1.5.0 (Erlang OTP/R16B03)',
40 verbose headers   'content-type': 'application/json',
40 verbose headers   'cache-control': 'max-age=60',
40 verbose headers   'content-length': '230',
40 verbose headers   'accept-ranges': 'bytes',
40 verbose headers   via: '1.1 varnish',
40 verbose headers   'x-served-by': 'cache-fra1228-FRA',
40 verbose headers   'x-cache': 'MISS',
40 verbose headers   'x-cache-hits': '0',
40 verbose headers   'x-timer': 'S1422299575.779260,VS0,VE366',
40 verbose headers   'keep-alive': 'timeout=10, max=50',
40 verbose headers   connection: 'Keep-Alive' }
41 error publish Failed PUT 403
42 error Error: forbidden Attempting to modify version 0.0.1,
42 error which was previously published on 2015-01-26T19:02:03.420Z.
42 error This is forbidden, to maintain package integrity.
42 error Please update the version number and try again.: eslint-plugin-angular
42 error     at RegClient.<anonymous> (C:\Program Files\nodejs\node_modules\npm\node_modules\npm-registry-client\lib\request.js:308:14)
42 error     at Request._callback (C:\Program Files\nodejs\node_modules\npm\node_modules\npm-registry-client\lib\request.js:246:65)
42 error     at Request.self.callback (C:\Program Files\nodejs\node_modules\npm\node_modules\request\request.js:236:22)
42 error     at Request.emit (events.js:98:17)
42 error     at Request.<anonymous> (C:\Program Files\nodejs\node_modules\npm\node_modules\request\request.js:1142:14)
42 error     at Request.emit (events.js:117:20)
42 error     at IncomingMessage.<anonymous> (C:\Program Files\nodejs\node_modules\npm\node_modules\request\request.js:1096:12)
42 error     at IncomingMessage.emit (events.js:117:20)
42 error     at _stream_readable.js:943:16
42 error     at process._tickCallback (node.js:419:13)
43 error If you need help, you may report this *entire* log,
43 error including the npm and node versions, at:
43 error     <http://github.com/npm/npm/issues>
44 error System Windows_NT 6.1.7601
45 error command "C:\\Program Files\\nodejs\\\\node.exe" "C:\\Program Files\\nodejs\\node_modules\\npm\\bin\\npm-cli.js" "publish"
46 error cwd C:\Utilisateurs\a503018\Documents\workspaces\perso\eslint-plugin-angularjs
47 error node -v v0.10.32
48 error npm -v 1.4.28
49 verbose exit [ 1, true ]
